<?xml version="1.0" encoding="UTF-8"?>
<testsuite xmlns:xsi="http://www.w3.org/2001/XMLSchema-instance" xsi:noNamespaceSchemaLocation="https://maven.apache.org/surefire/maven-surefire-plugin/xsd/surefire-test-report-3.0.xsd" version="3.0" name="test.java.TestExpressions" time="0.035" tests="18" errors="0" skipped="0" failures="0">
  <properties>
[...]
</properties>
  <testcase name="test11" classname="test.java.TestExpressions" time="0.011"/>
  <testcase name="test12" classname="test.java.TestExpressions" time="0.0"/>
  <testcase name="test13" classname="test.java.TestExpressions" time="0.0"/>
  <testcase name="test14" classname="test.java.TestExpressions" time="0.0"/>
  <testcase name="test15" classname="test.java.TestExpressions" time="0.001"/>
  <testcase name="test16" classname="test.java.TestExpressions" time="0.001"/>
  <testcase name="test17" classname="test.java.TestExpressions" time="0.0"/>
  <testcase name="test18" classname="test.java.TestExpressions" time="0.001"/>
  <testcase name="test7_subractwithbrackets" classname="test.java.TestExpressions" time="0.001"/>
  <testcase name="test2_simpleSubtraction" classname="test.java.TestExpressions" time="0.0"/>
  <testcase name="test10_subractwithbrackets_spaces" classname="test.java.TestExpressions" time="0.0"/>
  <testcase name="test5_addwithbrackets" classname="test.java.TestExpressions" time="0.0"/>
  <testcase name="test8_subractwithbrackets_spaces" classname="test.java.TestExpressions" time="0.001"/>
  <testcase name="test6_addwithbrackets_spaces" classname="test.java.TestExpressions" time="0.0"/>
  <testcase name="test3_simpleMultiplication" classname="test.java.TestExpressions" time="0.001"/>
  <testcase name="test1_simpleAddition" classname="test.java.TestExpressions" time="0.0"/>
  <testcase name="test4_simpleDivision" classname="test.java.TestExpressions" time="0.0"/>
  <testcase name="test9_multiplcationwithbrackets" classname="test.java.TestExpressions" time="0.0"/>
</testsuite>